#
# There is insufficient memory for the Java Runtime Environment to continue.
# Native memory allocation (malloc) failed to allocate 1056720 bytes. Error detail: Chunk::new
# Possible reasons:
#   The system is out of physical RAM or swap space
#   This process is running with CompressedOops enabled, and the Java Heap may be blocking the growth of the native heap
# Possible solutions:
#   Reduce memory load on the system
#   Increase physical memory or swap space
#   Check if swap backing store is full
#   Decrease Java heap size (-Xmx/-Xms)
#   Decrease number of Java threads
#   Decrease Java thread stack sizes (-Xss)
#   Set larger code cache with -XX:ReservedCodeCacheSize=
#   JVM is running with Unscaled Compressed Oops mode in which the Java heap is
#     placed in the first 4GB address space. The Java Heap base address is the
#     maximum limit for the native heap growth. Please use -XX:HeapBaseMinAddress
#     to set the Java Heap base and to place the Java Heap above 4GB virtual address.
# This output file may be truncated or incomplete.
#
#  Out of Memory Error (arena.cpp:191), pid=18148, tid=15092
#
# JRE version: OpenJDK Runtime Environment Temurin-17.0.13+11 (17.0.13+11) (build 17.0.13+11)
# Java VM: OpenJDK 64-Bit Server VM Temurin-17.0.13+11 (17.0.13+11, mixed mode, tiered, compressed oops, compressed class ptrs, parallel gc, windows-amd64)
# No core dump will be written. Minidumps are not enabled by default on client versions of Windows
#

---------------  S U M M A R Y ------------

Command Line: --add-modules=ALL-SYSTEM --add-opens=java.base/java.util=ALL-UNNAMED --add-opens=java.base/java.lang=ALL-UNNAMED --add-opens=java.base/sun.nio.fs=ALL-UNNAMED -Declipse.application=org.eclipse.jdt.ls.core.id1 -Dosgi.bundles.defaultStartLevel=4 -Declipse.product=org.eclipse.jdt.ls.core.product -Djava.import.generatesMetadataFilesAtProjectRoot=false -DDetectVMInstallationsJob.disabled=true -Dfile.encoding=utf8 -XX:+UseParallelGC -XX:GCTimeRatio=4 -XX:AdaptiveSizePolicyWeight=90 -Dsun.zip.disableMemoryMapping=true -Xmx1G -Xms100m -Xlog:disable -javaagent:c:\Users\admin\.cursor\extensions\redhat.java-1.37.0-win32-x64\lombok\lombok-1.18.34.jar -XX:+HeapDumpOnOutOfMemoryError -XX:HeapDumpPath=c:\Users\admin\AppData\Roaming\Cursor\User\workspaceStorage\1ba382c7d11e2cbb1d1be5e28ccd7f2b\redhat.java -Daether.dependencyCollector.impl=bf c:\Users\admin\.cursor\extensions\redhat.java-1.37.0-win32-x64\server\plugins\org.eclipse.equinox.launcher_1.6.900.v20240613-2009.jar -configuration c:\Users\admin\AppData\Roaming\Cursor\User\globalStorage\redhat.java\1.37.0\config_win -data c:\Users\admin\AppData\Roaming\Cursor\User\workspaceStorage\1ba382c7d11e2cbb1d1be5e28ccd7f2b\redhat.java\jdt_ws --pipe=\\.\pipe\lsp-62ccbdaa2fc0978953f817b6c1538283-sock

Host: AMD Ryzen 5 5600H with Radeon Graphics         , 12 cores, 5G,  Windows 11 , 64 bit Build 22621 (10.0.22621.4391)
Time: Sun Dec 15 01:53:11 2024 SE Asia Standard Time elapsed time: 14.341923 seconds (0d 0h 0m 14s)

---------------  T H R E A D  ---------------

Current thread (0x0000017c72f76cc0):  JavaThread "C2 CompilerThread1" daemon [_thread_in_native, id=15092, stack(0x00000010e1200000,0x00000010e1300000)]


Current CompileTask:
C2:  14342 9731 % !   4       org.eclipse.jdt.internal.compiler.classfmt.ClassFileReader::<init> @ 888 (2119 bytes)

Stack: [0x00000010e1200000,0x00000010e1300000]
Native frames: (J=compiled Java code, j=interpreted, Vv=VM code, C=native code)
V  [jvm.dll+0x682a19]
V  [jvm.dll+0x839538]
V  [jvm.dll+0x83afe3]
V  [jvm.dll+0x83b653]
V  [jvm.dll+0x24704f]
V  [jvm.dll+0xace34]
V  [jvm.dll+0xad4cc]
V  [jvm.dll+0x36597e]
V  [jvm.dll+0x1ba60a]
V  [jvm.dll+0x2181a7]
V  [jvm.dll+0x21748f]
V  [jvm.dll+0x1a3070]
V  [jvm.dll+0x22788c]
V  [jvm.dll+0x2259eb]
V  [jvm.dll+0x7eec98]
V  [jvm.dll+0x7e8ffc]
V  [jvm.dll+0x6818f7]
C  [ucrtbase.dll+0x29333]
C  [KERNEL32.DLL+0x1259d]
C  [ntdll.dll+0x5af38]


---------------  P R O C E S S  ---------------

Threads class SMR info:
_java_thread_list=0x0000017c695b9fa0, length=77, elements={
0x0000017c4c9717c0, 0x0000017c607f1030, 0x0000017c607f33a0, 0x0000017c607fa060,
0x0000017c607fab30, 0x0000017c607fb6f0, 0x0000017c607fc2b0, 0x0000017c6592a340,
0x0000017c6592b770, 0x0000017c6592fe10, 0x0000017c4c9d6850, 0x0000017c67158fc0,
0x0000017c67687ec0, 0x0000017c675fa830, 0x0000017c67b7e0a0, 0x0000017c67b82490,
0x0000017c67f96cb0, 0x0000017c67e0b750, 0x0000017c67e0e9f0, 0x0000017c67e0dfd0,
0x0000017c67e0c170, 0x0000017c67e0b240, 0x0000017c67e0d5b0, 0x0000017c67e0e4e0,
0x0000017c67e0bc60, 0x0000017c67e0c680, 0x0000017c67e0d0a0, 0x0000017c6a26cfe0,
0x0000017c6a269320, 0x0000017c6a269d40, 0x0000017c6a26b180, 0x0000017c6a26e930,
0x0000017c6a26a760, 0x0000017c6a26b690, 0x0000017c6a26f350, 0x0000017c6a26cad0,
0x0000017c6a268e10, 0x0000017c6a26df10, 0x0000017c6a26c0b0, 0x0000017c6a269830,
0x0000017c6a26d4f0, 0x0000017c6a26f860, 0x0000017c6a26a250, 0x0000017c6a26bba0,
0x0000017c6a26c5c0, 0x0000017c6a26ac70, 0x0000017c6a26da00, 0x0000017c6a26ee40,
0x0000017c6a26e420, 0x0000017c6a26fd70, 0x0000017c6a268900, 0x0000017c6a270280,
0x0000017c67e0dac0, 0x0000017c6ab134d0, 0x0000017c6ab139e0, 0x0000017c6ab11160,
0x0000017c6ab10740, 0x0000017c6ab0f810, 0x0000017c6ab12ab0, 0x0000017c6ab10c50,
0x0000017c6ab16260, 0x0000017c6ab11670, 0x0000017c6ab16770, 0x0000017c6ab13ef0,
0x0000017c6ab15840, 0x0000017c6ab14400, 0x0000017c6ab14e20, 0x0000017c6ab17190,
0x0000017c6ab15330, 0x0000017c6ab10230, 0x0000017c6ab0fd20, 0x0000017c6ab16c80,
0x0000017c6ab12090, 0x0000017c6ab15d50, 0x0000017c67e0cb90, 0x0000017c6aa830b0,
0x0000017c72f76cc0
}

Java Threads: ( => current thread )
  0x0000017c4c9717c0 JavaThread "main" [_thread_blocked, id=10748, stack(0x00000010db800000,0x00000010db900000)]
  0x0000017c607f1030 JavaThread "Reference Handler" daemon [_thread_blocked, id=8416, stack(0x00000010dbb00000,0x00000010dbc00000)]
  0x0000017c607f33a0 JavaThread "Finalizer" daemon [_thread_blocked, id=16968, stack(0x00000010dbc00000,0x00000010dbd00000)]
  0x0000017c607fa060 JavaThread "Signal Dispatcher" daemon [_thread_blocked, id=15116, stack(0x00000010dbd00000,0x00000010dbe00000)]
  0x0000017c607fab30 JavaThread "Attach Listener" daemon [_thread_blocked, id=9140, stack(0x00000010dbe00000,0x00000010dbf00000)]
  0x0000017c607fb6f0 JavaThread "Service Thread" daemon [_thread_blocked, id=20084, stack(0x00000010dbf00000,0x00000010dc000000)]
  0x0000017c607fc2b0 JavaThread "Monitor Deflation Thread" daemon [_thread_blocked, id=4520, stack(0x00000010dc000000,0x00000010dc100000)]
  0x0000017c6592a340 JavaThread "C2 CompilerThread0" daemon [_thread_in_native, id=5656, stack(0x00000010dc100000,0x00000010dc200000)]
  0x0000017c6592b770 JavaThread "C1 CompilerThread0" daemon [_thread_blocked, id=11092, stack(0x00000010dc200000,0x00000010dc300000)]
  0x0000017c6592fe10 JavaThread "Sweeper thread" daemon [_thread_blocked, id=13416, stack(0x00000010dc300000,0x00000010dc400000)]
  0x0000017c4c9d6850 JavaThread "Common-Cleaner" daemon [_thread_blocked, id=14588, stack(0x00000010dc400000,0x00000010dc500000)]
  0x0000017c67158fc0 JavaThread "Notification Thread" daemon [_thread_blocked, id=2684, stack(0x00000010dc500000,0x00000010dc600000)]
  0x0000017c67687ec0 JavaThread "Active Thread: Equinox Container: 24813c62-e100-4e83-9e7d-968ffeae3485" [_thread_blocked, id=20100, stack(0x00000010dcc00000,0x00000010dcd00000)]
  0x0000017c675fa830 JavaThread "Refresh Thread: Equinox Container: 24813c62-e100-4e83-9e7d-968ffeae3485" daemon [_thread_blocked, id=20560, stack(0x00000010dcd00000,0x00000010dce00000)]
  0x0000017c67b7e0a0 JavaThread "Framework Event Dispatcher: Equinox Container: 24813c62-e100-4e83-9e7d-968ffeae3485" daemon [_thread_blocked, id=13660, stack(0x00000010dce00000,0x00000010dcf00000)]
  0x0000017c67b82490 JavaThread "Start Level: Equinox Container: 24813c62-e100-4e83-9e7d-968ffeae3485" daemon [_thread_blocked, id=9232, stack(0x00000010dcf00000,0x00000010dd000000)]
  0x0000017c67f96cb0 JavaThread "Bundle File Closer" daemon [_thread_blocked, id=15120, stack(0x00000010dd200000,0x00000010dd300000)]
  0x0000017c67e0b750 JavaThread "SCR Component Actor" daemon [_thread_blocked, id=7996, stack(0x00000010dd400000,0x00000010dd500000)]
  0x0000017c67e0e9f0 JavaThread "Worker-JM" [_thread_blocked, id=4908, stack(0x00000010dd700000,0x00000010dd800000)]
  0x0000017c67e0dfd0 JavaThread "JNA Cleaner" daemon [_thread_blocked, id=18720, stack(0x00000010dd800000,0x00000010dd900000)]
  0x0000017c67e0c170 JavaThread "Worker-0" [_thread_blocked, id=4476, stack(0x00000010dd900000,0x00000010dda00000)]
  0x0000017c67e0b240 JavaThread "Worker-1" [_thread_blocked, id=4992, stack(0x00000010dda00000,0x00000010ddb00000)]
  0x0000017c67e0d5b0 JavaThread "Java indexing" daemon [_thread_blocked, id=8768, stack(0x00000010ddb00000,0x00000010ddc00000)]
  0x0000017c67e0e4e0 JavaThread "Worker-2: Initialize workspace" [_thread_blocked, id=1676, stack(0x00000010dde00000,0x00000010ddf00000)]
  0x0000017c67e0bc60 JavaThread "Worker-3: Building" [_thread_blocked, id=20408, stack(0x00000010ddf00000,0x00000010de000000)]
  0x0000017c67e0c680 JavaThread "Thread-2" daemon [_thread_in_native, id=17148, stack(0x00000010de000000,0x00000010de100000)]
  0x0000017c67e0d0a0 JavaThread "Thread-3" daemon [_thread_in_native, id=15112, stack(0x00000010de100000,0x00000010de200000)]
  0x0000017c6a26cfe0 JavaThread "Thread-4" daemon [_thread_in_native, id=16540, stack(0x00000010de200000,0x00000010de300000)]
  0x0000017c6a269320 JavaThread "Thread-5" daemon [_thread_in_native, id=12120, stack(0x00000010de300000,0x00000010de400000)]
  0x0000017c6a269d40 JavaThread "Thread-6" daemon [_thread_in_native, id=13720, stack(0x00000010de400000,0x00000010de500000)]
  0x0000017c6a26b180 JavaThread "Thread-7" daemon [_thread_in_native, id=20876, stack(0x00000010de500000,0x00000010de600000)]
  0x0000017c6a26e930 JavaThread "Thread-8" daemon [_thread_in_native, id=8528, stack(0x00000010de600000,0x00000010de700000)]
  0x0000017c6a26a760 JavaThread "Thread-9" daemon [_thread_in_native, id=21132, stack(0x00000010de700000,0x00000010de800000)]
  0x0000017c6a26b690 JavaThread "Thread-10" daemon [_thread_in_native, id=13716, stack(0x00000010de800000,0x00000010de900000)]
  0x0000017c6a26f350 JavaThread "Thread-11" daemon [_thread_in_native, id=14232, stack(0x00000010de900000,0x00000010dea00000)]
  0x0000017c6a26cad0 JavaThread "Thread-12" daemon [_thread_in_native, id=7568, stack(0x00000010dea00000,0x00000010deb00000)]
  0x0000017c6a268e10 JavaThread "Thread-13" daemon [_thread_in_native, id=15652, stack(0x00000010deb00000,0x00000010dec00000)]
  0x0000017c6a26df10 JavaThread "Thread-14" daemon [_thread_in_native, id=7164, stack(0x00000010dec00000,0x00000010ded00000)]
  0x0000017c6a26c0b0 JavaThread "pool-2-thread-1" [_thread_blocked, id=4808, stack(0x00000010ded00000,0x00000010dee00000)]
  0x0000017c6a269830 JavaThread "Worker-4: Java indexing... " [_thread_blocked, id=18256, stack(0x00000010dee00000,0x00000010def00000)]
  0x0000017c6a26d4f0 JavaThread "Worker-5" [_thread_blocked, id=6616, stack(0x00000010def00000,0x00000010df000000)]
  0x0000017c6a26f860 JavaThread "WorkspaceEventsHandler" [_thread_blocked, id=21024, stack(0x00000010df000000,0x00000010df100000)]
  0x0000017c6a26a250 JavaThread "pool-1-thread-1" [_thread_blocked, id=11444, stack(0x00000010df100000,0x00000010df200000)]
  0x0000017c6a26bba0 JavaThread "LocalFile Deleter" daemon [_thread_blocked, id=15436, stack(0x00000010df200000,0x00000010df300000)]
  0x0000017c6a26c5c0 JavaThread "LocalFile Deleter" daemon [_thread_blocked, id=17900, stack(0x00000010df300000,0x00000010df400000)]
  0x0000017c6a26ac70 JavaThread "LocalFile Deleter" daemon [_thread_blocked, id=21312, stack(0x00000010df400000,0x00000010df500000)]
  0x0000017c6a26da00 JavaThread "LocalFile Deleter" daemon [_thread_blocked, id=11324, stack(0x00000010df500000,0x00000010df600000)]
  0x0000017c6a26ee40 JavaThread "LocalFile Deleter" daemon [_thread_blocked, id=7616, stack(0x00000010df600000,0x00000010df700000)]
  0x0000017c6a26e420 JavaThread "LocalFile Deleter" daemon [_thread_blocked, id=10520, stack(0x00000010df700000,0x00000010df800000)]
  0x0000017c6a26fd70 JavaThread "LocalFile Deleter" daemon [_thread_blocked, id=20264, stack(0x00000010df800000,0x00000010df900000)]
  0x0000017c6a268900 JavaThread "LocalFile Deleter" daemon [_thread_blocked, id=17884, stack(0x00000010df900000,0x00000010dfa00000)]
  0x0000017c6a270280 JavaThread "LocalFile Deleter" daemon [_thread_blocked, id=10112, stack(0x00000010dfa00000,0x00000010dfb00000)]
  0x0000017c67e0dac0 JavaThread "LocalFile Deleter" daemon [_thread_blocked, id=7228, stack(0x00000010dfb00000,0x00000010dfc00000)]
  0x0000017c6ab134d0 JavaThread "LocalFile Deleter" daemon [_thread_blocked, id=9948, stack(0x00000010dfc00000,0x00000010dfd00000)]
  0x0000017c6ab139e0 JavaThread "LocalFile Deleter" daemon [_thread_blocked, id=3076, stack(0x00000010dfd00000,0x00000010dfe00000)]
  0x0000017c6ab11160 JavaThread "Compiler Source File Reader" daemon [_thread_blocked, id=16488, stack(0x00000010dfe00000,0x00000010dff00000)]
  0x0000017c6ab10740 JavaThread "Compiler Source File Reader" daemon [_thread_blocked, id=4120, stack(0x00000010dff00000,0x00000010e0000000)]
  0x0000017c6ab0f810 JavaThread "Compiler Source File Reader" daemon [_thread_blocked, id=2672, stack(0x00000010e0000000,0x00000010e0100000)]
  0x0000017c6ab12ab0 JavaThread "Compiler Source File Reader" daemon [_thread_blocked, id=21000, stack(0x00000010e0100000,0x00000010e0200000)]
  0x0000017c6ab10c50 JavaThread "Compiler Source File Reader" daemon [_thread_blocked, id=3728, stack(0x00000010e0200000,0x00000010e0300000)]
  0x0000017c6ab16260 JavaThread "Compiler Source File Reader" daemon [_thread_blocked, id=4348, stack(0x00000010e0300000,0x00000010e0400000)]
  0x0000017c6ab11670 JavaThread "Compiler Source File Reader" daemon [_thread_blocked, id=18220, stack(0x00000010e0400000,0x00000010e0500000)]
  0x0000017c6ab16770 JavaThread "Compiler Source File Reader" daemon [_thread_blocked, id=10144, stack(0x00000010e0500000,0x00000010e0600000)]
  0x0000017c6ab13ef0 JavaThread "Compiler Source File Reader" daemon [_thread_blocked, id=21292, stack(0x00000010e0600000,0x00000010e0700000)]
  0x0000017c6ab15840 JavaThread "Compiler Source File Reader" daemon [_thread_blocked, id=7080, stack(0x00000010e0700000,0x00000010e0800000)]
  0x0000017c6ab14400 JavaThread "Compiler Processing Task" daemon [_thread_blocked, id=13968, stack(0x00000010e0800000,0x00000010e0900000)]
  0x0000017c6ab14e20 JavaThread "Compiler Class File Writer" daemon [_thread_blocked, id=3464, stack(0x00000010e0900000,0x00000010e0a00000)]
  0x0000017c6ab17190 JavaThread "Compiler Class File Writer" daemon [_thread_blocked, id=14672, stack(0x00000010e0a00000,0x00000010e0b00000)]
  0x0000017c6ab15330 JavaThread "Compiler Class File Writer" daemon [_thread_blocked, id=11316, stack(0x00000010e0b00000,0x00000010e0c00000)]
  0x0000017c6ab10230 JavaThread "Compiler Class File Writer" daemon [_thread_blocked, id=17508, stack(0x00000010e0c00000,0x00000010e0d00000)]
  0x0000017c6ab0fd20 JavaThread "Compiler Class File Writer" daemon [_thread_blocked, id=11700, stack(0x00000010dd500000,0x00000010dd600000)]
  0x0000017c6ab16c80 JavaThread "Compiler Class File Writer" daemon [_thread_blocked, id=19244, stack(0x00000010e0d00000,0x00000010e0e00000)]
  0x0000017c6ab12090 JavaThread "Compiler Class File Writer" daemon [_thread_blocked, id=19120, stack(0x00000010e0e00000,0x00000010e0f00000)]
  0x0000017c6ab15d50 JavaThread "Compiler Class File Writer" daemon [_thread_blocked, id=16916, stack(0x00000010e0f00000,0x00000010e1000000)]
  0x0000017c67e0cb90 JavaThread "Compiler Class File Writer" daemon [_thread_blocked, id=9420, stack(0x00000010e1000000,0x00000010e1100000)]
  0x0000017c6aa830b0 JavaThread "Compiler Class File Writer" daemon [_thread_blocked, id=10984, stack(0x00000010e1100000,0x00000010e1200000)]
=>0x0000017c72f76cc0 JavaThread "C2 CompilerThread1" daemon [_thread_in_native, id=15092, stack(0x00000010e1200000,0x00000010e1300000)]

Other Threads:
  0x0000017c4ca1ecc0 VMThread "VM Thread" [stack: 0x00000010dba00000,0x00000010dbb00000] [id=20600]
  0x0000017c65c3c090 WatcherThread [stack: 0x00000010dc600000,0x00000010dc700000] [id=9644]
  0x0000017c4c988850 GCTaskThread "GC Thread#0" [stack: 0x00000010db900000,0x00000010dba00000] [id=21456]
  0x0000017c674222b0 GCTaskThread "GC Thread#1" [stack: 0x00000010dc700000,0x00000010dc800000] [id=12124]
  0x0000017c6757e740 GCTaskThread "GC Thread#2" [stack: 0x00000010dc800000,0x00000010dc900000] [id=10040]
  0x0000017c67baa410 GCTaskThread "GC Thread#3" [stack: 0x00000010dc900000,0x00000010dca00000] [id=21108]
  0x0000017c67baa6d0 GCTaskThread "GC Thread#4" [stack: 0x00000010dca00000,0x00000010dcb00000] [id=13888]
  0x0000017c67baa990 GCTaskThread "GC Thread#5" [stack: 0x00000010dcb00000,0x00000010dcc00000] [id=19592]
  0x0000017c6771b370 GCTaskThread "GC Thread#6" [stack: 0x00000010dd000000,0x00000010dd100000] [id=12836]
  0x0000017c6721bbc0 GCTaskThread "GC Thread#7" [stack: 0x00000010dd100000,0x00000010dd200000] [id=9264]
  0x0000017c67b59fd0 GCTaskThread "GC Thread#8" [stack: 0x00000010dd300000,0x00000010dd400000] [id=20596]
  0x0000017c6814b9b0 GCTaskThread "GC Thread#9" [stack: 0x00000010dd600000,0x00000010dd700000] [id=20124]

Threads with active compile tasks:
C2 CompilerThread0    14396 7567       4       org.eclipse.jdt.internal.compiler.parser.Parser::consumeRule (7871 bytes)
C2 CompilerThread1    14396 9731 % !   4       org.eclipse.jdt.internal.compiler.classfmt.ClassFileReader::<init> @ 888 (2119 bytes)

VM state: not at safepoint (normal execution)

VM Mutex/Monitor currently owned by a thread: None

Heap address: 0x00000000c0000000, size: 1024 MB, Compressed Oops mode: 32-bit

CDS archive(s) not mapped
Compressed class space mapped at: 0x0000000100000000-0x0000000140000000, reserved size: 1073741824
Narrow klass base: 0x0000000000000000, Narrow klass shift: 3, Narrow klass range: 0x140000000

GC Precious Log:
 CPUs: 12 total, 12 available
 Memory: 5996M
 Large Page Support: Disabled
 NUMA Support: Disabled
 Compressed Oops: Enabled (32-bit)
 Alignments: Space 512K, Generation 512K, Heap 2M
 Heap Min Capacity: 100M
 Heap Initial Capacity: 100M
 Heap Max Capacity: 1G
 Pre-touch: Disabled
 Parallel Workers: 10

Heap:
 PSYoungGen      total 11264K, used 3176K [0x00000000eab00000, 0x00000000eb980000, 0x0000000100000000)
  eden space 6656K, 3% used [0x00000000eab00000,0x00000000eab3e200,0x00000000eb180000)
  from space 4608K, 63% used [0x00000000eb180000,0x00000000eb45bf68,0x00000000eb600000)
  to   space 3584K, 0% used [0x00000000eb600000,0x00000000eb600000,0x00000000eb980000)
 ParOldGen       total 194560K, used 192529K [0x00000000c0000000, 0x00000000cbe00000, 0x00000000eab00000)
  object space 194560K, 98% used [0x00000000c0000000,0x00000000cbc04688,0x00000000cbe00000)
 Metaspace       used 64606K, committed 65728K, reserved 1114112K
  class space    used 6685K, committed 7168K, reserved 1048576K

Card table byte_map: [0x0000017c4c300000,0x0000017c4c510000] _byte_map_base: 0x0000017c4bd00000

Marking Bits: (ParMarkBitMap*) 0x00007ffffce16940
 Begin Bits: [0x0000017c5e600000, 0x0000017c5f600000)
 End Bits:   [0x0000017c5f600000, 0x0000017c60600000)

Polling page: 0x0000017c4a900000

Metaspace:

Usage:
  Non-class:     56.56 MB used.
      Class:      6.53 MB used.
       Both:     63.09 MB used.

Virtual space:
  Non-class space:       64.00 MB reserved,      57.19 MB ( 89%) committed,  1 nodes.
      Class space:        1.00 GB reserved,       7.00 MB ( <1%) committed,  1 nodes.
             Both:        1.06 GB reserved,      64.19 MB (  6%) committed. 

Chunk freelists:
   Non-Class:  6.83 MB
       Class:  9.02 MB
        Both:  15.84 MB

MaxMetaspaceSize: unlimited
CompressedClassSpaceSize: 1.00 GB
Initial GC threshold: 21.00 MB
Current GC threshold: 105.44 MB
CDS: off
MetaspaceReclaimPolicy: balanced
 - commit_granule_bytes: 65536.
 - commit_granule_words: 8192.
 - virtual_space_node_default_size: 8388608.
 - enlarge_chunks_in_place: 1.
 - new_chunks_are_fully_committed: 0.
 - uncommit_free_chunks: 1.
 - use_allocation_guard: 0.
 - handle_deallocations: 1.


Internal statistics:

num_allocs_failed_limit: 6.
num_arena_births: 672.
num_arena_deaths: 14.
num_vsnodes_births: 2.
num_vsnodes_deaths: 0.
num_space_committed: 1027.
num_space_uncommitted: 0.
num_chunks_returned_to_freelist: 20.
num_chunks_taken_from_freelist: 3355.
num_chunk_merges: 5.
num_chunk_splits: 2010.
num_chunks_enlarged: 1091.
num_inconsistent_stats: 0.

CodeHeap 'non-profiled nmethods': size=120000Kb used=2486Kb max_used=2654Kb free=117513Kb
 bounds [0x0000017c570d0000, 0x0000017c57370000, 0x0000017c5e600000]
CodeHeap 'profiled nmethods': size=120000Kb used=16870Kb max_used=19663Kb free=103129Kb
 bounds [0x0000017c4f600000, 0x0000017c50940000, 0x0000017c56b30000]
CodeHeap 'non-nmethods': size=5760Kb used=1347Kb max_used=1424Kb free=4412Kb
 bounds [0x0000017c56b30000, 0x0000017c56da0000, 0x0000017c570d0000]
 total_blobs=8488 nmethods=7793 adapters=606
 compilation: enabled
              stopped_count=0, restarted_count=0
 full_count=0

Compilation events (20 events):
Event: 14.279 Thread 0x0000017c6592b770 9815       2       com.sun.org.apache.xerces.internal.impl.XMLScanner::<init> (158 bytes)
Event: 14.280 Thread 0x0000017c6592b770 nmethod 9815 0x0000017c4f838290 code [0x0000017c4f838440, 0x0000017c4f838b38]
Event: 14.280 Thread 0x0000017c6592b770 9817       2       com.sun.org.apache.xerces.internal.util.XMLAttributesImpl::<init> (58 bytes)
Event: 14.281 Thread 0x0000017c6592b770 nmethod 9817 0x0000017c4f616790 code [0x0000017c4f616940, 0x0000017c4f616eb8]
Event: 14.281 Thread 0x0000017c6592b770 9816       2       com.sun.org.apache.xerces.internal.util.XMLAttributesImpl::<init> (7 bytes)
Event: 14.281 Thread 0x0000017c6592b770 nmethod 9816 0x0000017c4f9bc610 code [0x0000017c4f9bc7a0, 0x0000017c4f9bc8c8]
Event: 14.302 Thread 0x0000017c6592b770 9818       2       com.google.gson.internal.LinkedTreeMap$EntrySet$1::next (5 bytes)
Event: 14.303 Thread 0x0000017c6592b770 nmethod 9818 0x0000017c4f9f8a10 code [0x0000017c4f9f8ba0, 0x0000017c4f9f8cc8]
Event: 14.304 Thread 0x0000017c6592b770 9819       2       org.eclipse.jdt.internal.core.search.indexing.AbstractIndexer::addModuleExportedPackages (42 bytes)
Event: 14.304 Thread 0x0000017c6592b770 nmethod 9819 0x0000017c4f66f190 code [0x0000017c4f66f360, 0x0000017c4f66f5e8]
Event: 14.304 Thread 0x0000017c6592b770 9820       2       org.eclipse.jdt.internal.core.search.matching.ModulePattern::createIndexKey (2 bytes)
Event: 14.304 Thread 0x0000017c6592b770 nmethod 9820 0x0000017c4ffdb590 code [0x0000017c4ffdb720, 0x0000017c4ffdb818]
Event: 14.308 Thread 0x0000017c6592b770 9821       2       com.google.gson.internal.LinkedTreeMap::entrySet (27 bytes)
Event: 14.309 Thread 0x0000017c6592b770 nmethod 9821 0x0000017c4f6b8a90 code [0x0000017c4f6b8c20, 0x0000017c4f6b8db8]
Event: 14.309 Thread 0x0000017c6592b770 9822       2       com.google.gson.internal.LinkedTreeMap$EntrySet::iterator (9 bytes)
Event: 14.309 Thread 0x0000017c6592b770 nmethod 9822 0x0000017c4fdf9210 code [0x0000017c4fdf93a0, 0x0000017c4fdf9548]
Event: 14.310 Thread 0x0000017c6592b770 9823       2       com.google.gson.internal.LinkedTreeMap$LinkedTreeMapIterator::nextNode (61 bytes)
Event: 14.310 Thread 0x0000017c6592b770 nmethod 9823 0x0000017c4fa23f90 code [0x0000017c4fa24140, 0x0000017c4fa243f8]
Event: 14.333 Thread 0x0000017c6592b770 9824       2       org.eclipse.jdt.internal.core.search.indexing.AbstractIndexer::addModuleReference (12 bytes)
Event: 14.334 Thread 0x0000017c6592b770 nmethod 9824 0x0000017c4f772810 code [0x0000017c4f7729c0, 0x0000017c4f772bb8]

GC Heap History (20 events):
Event: 13.859 GC heap before
{Heap before GC invocations=112 (full 6):
 PSYoungGen      total 9728K, used 9727K [0x00000000eab00000, 0x00000000eba80000, 0x0000000100000000)
  eden space 6656K, 100% used [0x00000000eab00000,0x00000000eb180000,0x00000000eb180000)
  from space 3072K, 99% used [0x00000000eb580000,0x00000000eb87fc68,0x00000000eb880000)
  to   space 4096K, 0% used [0x00000000eb180000,0x00000000eb180000,0x00000000eb580000)
 ParOldGen       total 194560K, used 177229K [0x00000000c0000000, 0x00000000cbe00000, 0x00000000eab00000)
  object space 194560K, 91% used [0x00000000c0000000,0x00000000cad134a0,0x00000000cbe00000)
 Metaspace       used 64388K, committed 65472K, reserved 1114112K
  class space    used 6663K, committed 7168K, reserved 1048576K
}
Event: 13.863 GC heap after
{Heap after GC invocations=112 (full 6):
 PSYoungGen      total 10752K, used 2407K [0x00000000eab00000, 0x00000000eb880000, 0x0000000100000000)
  eden space 6656K, 0% used [0x00000000eab00000,0x00000000eab00000,0x00000000eb180000)
  from space 4096K, 58% used [0x00000000eb180000,0x00000000eb3d9c60,0x00000000eb580000)
  to   space 3072K, 0% used [0x00000000eb580000,0x00000000eb580000,0x00000000eb880000)
 ParOldGen       total 194560K, used 178995K [0x00000000c0000000, 0x00000000cbe00000, 0x00000000eab00000)
  object space 194560K, 92% used [0x00000000c0000000,0x00000000caeccdc8,0x00000000cbe00000)
 Metaspace       used 64388K, committed 65472K, reserved 1114112K
  class space    used 6663K, committed 7168K, reserved 1048576K
}
Event: 13.882 GC heap before
{Heap before GC invocations=113 (full 6):
 PSYoungGen      total 10752K, used 9063K [0x00000000eab00000, 0x00000000eb880000, 0x0000000100000000)
  eden space 6656K, 100% used [0x00000000eab00000,0x00000000eb180000,0x00000000eb180000)
  from space 4096K, 58% used [0x00000000eb180000,0x00000000eb3d9c60,0x00000000eb580000)
  to   space 3072K, 0% used [0x00000000eb580000,0x00000000eb580000,0x00000000eb880000)
 ParOldGen       total 194560K, used 178995K [0x00000000c0000000, 0x00000000cbe00000, 0x00000000eab00000)
  object space 194560K, 92% used [0x00000000c0000000,0x00000000caeccdc8,0x00000000cbe00000)
 Metaspace       used 64388K, committed 65472K, reserved 1114112K
  class space    used 6663K, committed 7168K, reserved 1048576K
}
Event: 13.886 GC heap after
{Heap after GC invocations=113 (full 6):
 PSYoungGen      total 9728K, used 3046K [0x00000000eab00000, 0x00000000eba80000, 0x0000000100000000)
  eden space 6656K, 0% used [0x00000000eab00000,0x00000000eab00000,0x00000000eb180000)
  from space 3072K, 99% used [0x00000000eb580000,0x00000000eb879ac8,0x00000000eb880000)
  to   space 4096K, 0% used [0x00000000eb180000,0x00000000eb180000,0x00000000eb580000)
 ParOldGen       total 194560K, used 179615K [0x00000000c0000000, 0x00000000cbe00000, 0x00000000eab00000)
  object space 194560K, 92% used [0x00000000c0000000,0x00000000caf67e80,0x00000000cbe00000)
 Metaspace       used 64388K, committed 65472K, reserved 1114112K
  class space    used 6663K, committed 7168K, reserved 1048576K
}
Event: 13.913 GC heap before
{Heap before GC invocations=114 (full 6):
 PSYoungGen      total 9728K, used 9698K [0x00000000eab00000, 0x00000000eba80000, 0x0000000100000000)
  eden space 6656K, 99% used [0x00000000eab00000,0x00000000eb17eda8,0x00000000eb180000)
  from space 3072K, 99% used [0x00000000eb580000,0x00000000eb879ac8,0x00000000eb880000)
  to   space 4096K, 0% used [0x00000000eb180000,0x00000000eb180000,0x00000000eb580000)
 ParOldGen       total 194560K, used 179615K [0x00000000c0000000, 0x00000000cbe00000, 0x00000000eab00000)
  object space 194560K, 92% used [0x00000000c0000000,0x00000000caf67e80,0x00000000cbe00000)
 Metaspace       used 64388K, committed 65472K, reserved 1114112K
  class space    used 6663K, committed 7168K, reserved 1048576K
}
Event: 13.918 GC heap after
{Heap after GC invocations=114 (full 6):
 PSYoungGen      total 10752K, used 2515K [0x00000000eab00000, 0x00000000eb880000, 0x0000000100000000)
  eden space 6656K, 0% used [0x00000000eab00000,0x00000000eab00000,0x00000000eb180000)
  from space 4096K, 61% used [0x00000000eb180000,0x00000000eb3f4d48,0x00000000eb580000)
  to   space 3072K, 0% used [0x00000000eb580000,0x00000000eb580000,0x00000000eb880000)
 ParOldGen       total 194560K, used 181578K [0x00000000c0000000, 0x00000000cbe00000, 0x00000000eab00000)
  object space 194560K, 93% used [0x00000000c0000000,0x00000000cb152be0,0x00000000cbe00000)
 Metaspace       used 64388K, committed 65472K, reserved 1114112K
  class space    used 6663K, committed 7168K, reserved 1048576K
}
Event: 13.964 GC heap before
{Heap before GC invocations=115 (full 6):
 PSYoungGen      total 10752K, used 9171K [0x00000000eab00000, 0x00000000eb880000, 0x0000000100000000)
  eden space 6656K, 100% used [0x00000000eab00000,0x00000000eb180000,0x00000000eb180000)
  from space 4096K, 61% used [0x00000000eb180000,0x00000000eb3f4d48,0x00000000eb580000)
  to   space 3072K, 0% used [0x00000000eb580000,0x00000000eb580000,0x00000000eb880000)
 ParOldGen       total 194560K, used 181578K [0x00000000c0000000, 0x00000000cbe00000, 0x00000000eab00000)
  object space 194560K, 93% used [0x00000000c0000000,0x00000000cb152be0,0x00000000cbe00000)
 Metaspace       used 64388K, committed 65472K, reserved 1114112K
  class space    used 6663K, committed 7168K, reserved 1048576K
}
Event: 13.968 GC heap after
{Heap after GC invocations=115 (full 6):
 PSYoungGen      total 9728K, used 3069K [0x00000000eab00000, 0x00000000eba80000, 0x0000000100000000)
  eden space 6656K, 0% used [0x00000000eab00000,0x00000000eab00000,0x00000000eb180000)
  from space 3072K, 99% used [0x00000000eb580000,0x00000000eb87f478,0x00000000eb880000)
  to   space 4096K, 0% used [0x00000000eb180000,0x00000000eb180000,0x00000000eb580000)
 ParOldGen       total 194560K, used 182113K [0x00000000c0000000, 0x00000000cbe00000, 0x00000000eab00000)
  object space 194560K, 93% used [0x00000000c0000000,0x00000000cb1d86b0,0x00000000cbe00000)
 Metaspace       used 64388K, committed 65472K, reserved 1114112K
  class space    used 6663K, committed 7168K, reserved 1048576K
}
Event: 13.992 GC heap before
{Heap before GC invocations=116 (full 6):
 PSYoungGen      total 9728K, used 9725K [0x00000000eab00000, 0x00000000eba80000, 0x0000000100000000)
  eden space 6656K, 100% used [0x00000000eab00000,0x00000000eb180000,0x00000000eb180000)
  from space 3072K, 99% used [0x00000000eb580000,0x00000000eb87f478,0x00000000eb880000)
  to   space 4096K, 0% used [0x00000000eb180000,0x00000000eb180000,0x00000000eb580000)
 ParOldGen       total 194560K, used 182113K [0x00000000c0000000, 0x00000000cbe00000, 0x00000000eab00000)
  object space 194560K, 93% used [0x00000000c0000000,0x00000000cb1d86b0,0x00000000cbe00000)
 Metaspace       used 64388K, committed 65472K, reserved 1114112K
  class space    used 6663K, committed 7168K, reserved 1048576K
}
Event: 13.997 GC heap after
{Heap after GC invocations=116 (full 6):
 PSYoungGen      total 10752K, used 2599K [0x00000000eab00000, 0x00000000eb880000, 0x0000000100000000)
  eden space 6656K, 0% used [0x00000000eab00000,0x00000000eab00000,0x00000000eb180000)
  from space 4096K, 63% used [0x00000000eb180000,0x00000000eb409cb0,0x00000000eb580000)
  to   space 3072K, 0% used [0x00000000eb580000,0x00000000eb580000,0x00000000eb880000)
 ParOldGen       total 194560K, used 184043K [0x00000000c0000000, 0x00000000cbe00000, 0x00000000eab00000)
  object space 194560K, 94% used [0x00000000c0000000,0x00000000cb3badc0,0x00000000cbe00000)
 Metaspace       used 64388K, committed 65472K, reserved 1114112K
  class space    used 6663K, committed 7168K, reserved 1048576K
}
Event: 14.038 GC heap before
{Heap before GC invocations=117 (full 6):
 PSYoungGen      total 10752K, used 9248K [0x00000000eab00000, 0x00000000eb880000, 0x0000000100000000)
  eden space 6656K, 99% used [0x00000000eab00000,0x00000000eb17e4c0,0x00000000eb180000)
  from space 4096K, 63% used [0x00000000eb180000,0x00000000eb409cb0,0x00000000eb580000)
  to   space 3072K, 0% used [0x00000000eb580000,0x00000000eb580000,0x00000000eb880000)
 ParOldGen       total 194560K, used 184043K [0x00000000c0000000, 0x00000000cbe00000, 0x00000000eab00000)
  object space 194560K, 94% used [0x00000000c0000000,0x00000000cb3badc0,0x00000000cbe00000)
 Metaspace       used 64394K, committed 65600K, reserved 1114112K
  class space    used 6665K, committed 7168K, reserved 1048576K
}
Event: 14.042 GC heap after
{Heap after GC invocations=117 (full 6):
 PSYoungGen      total 9728K, used 3071K [0x00000000eab00000, 0x00000000eba80000, 0x0000000100000000)
  eden space 6656K, 0% used [0x00000000eab00000,0x00000000eab00000,0x00000000eb180000)
  from space 3072K, 99% used [0x00000000eb580000,0x00000000eb87fed8,0x00000000eb880000)
  to   space 4096K, 0% used [0x00000000eb180000,0x00000000eb180000,0x00000000eb580000)
 ParOldGen       total 194560K, used 184812K [0x00000000c0000000, 0x00000000cbe00000, 0x00000000eab00000)
  object space 194560K, 94% used [0x00000000c0000000,0x00000000cb47b198,0x00000000cbe00000)
 Metaspace       used 64394K, committed 65600K, reserved 1114112K
  class space    used 6665K, committed 7168K, reserved 1048576K
}
Event: 14.076 GC heap before
{Heap before GC invocations=118 (full 6):
 PSYoungGen      total 9728K, used 9727K [0x00000000eab00000, 0x00000000eba80000, 0x0000000100000000)
  eden space 6656K, 100% used [0x00000000eab00000,0x00000000eb180000,0x00000000eb180000)
  from space 3072K, 99% used [0x00000000eb580000,0x00000000eb87fed8,0x00000000eb880000)
  to   space 4096K, 0% used [0x00000000eb180000,0x00000000eb180000,0x00000000eb580000)
 ParOldGen       total 194560K, used 184812K [0x00000000c0000000, 0x00000000cbe00000, 0x00000000eab00000)
  object space 194560K, 94% used [0x00000000c0000000,0x00000000cb47b198,0x00000000cbe00000)
 Metaspace       used 64407K, committed 65600K, reserved 1114112K
  class space    used 6666K, committed 7168K, reserved 1048576K
}
Event: 14.083 GC heap after
{Heap after GC invocations=118 (full 6):
 PSYoungGen      total 10752K, used 3007K [0x00000000eab00000, 0x00000000eb980000, 0x0000000100000000)
  eden space 6656K, 0% used [0x00000000eab00000,0x00000000eab00000,0x00000000eb180000)
  from space 4096K, 73% used [0x00000000eb180000,0x00000000eb46ff30,0x00000000eb580000)
  to   space 3584K, 0% used [0x00000000eb600000,0x00000000eb600000,0x00000000eb980000)
 ParOldGen       total 194560K, used 186786K [0x00000000c0000000, 0x00000000cbe00000, 0x00000000eab00000)
  object space 194560K, 96% used [0x00000000c0000000,0x00000000cb668ab0,0x00000000cbe00000)
 Metaspace       used 64407K, committed 65600K, reserved 1114112K
  class space    used 6666K, committed 7168K, reserved 1048576K
}
Event: 14.154 GC heap before
{Heap before GC invocations=119 (full 6):
 PSYoungGen      total 10752K, used 9663K [0x00000000eab00000, 0x00000000eb980000, 0x0000000100000000)
  eden space 6656K, 100% used [0x00000000eab00000,0x00000000eb180000,0x00000000eb180000)
  from space 4096K, 73% used [0x00000000eb180000,0x00000000eb46ff30,0x00000000eb580000)
  to   space 3584K, 0% used [0x00000000eb600000,0x00000000eb600000,0x00000000eb980000)
 ParOldGen       total 194560K, used 186786K [0x00000000c0000000, 0x00000000cbe00000, 0x00000000eab00000)
  object space 194560K, 96% used [0x00000000c0000000,0x00000000cb668ab0,0x00000000cbe00000)
 Metaspace       used 64492K, committed 65664K, reserved 1114112K
  class space    used 6675K, committed 7168K, reserved 1048576K
}
Event: 14.158 GC heap after
{Heap after GC invocations=119 (full 6):
 PSYoungGen      total 10240K, used 3574K [0x00000000eab00000, 0x00000000ebb80000, 0x0000000100000000)
  eden space 6656K, 0% used [0x00000000eab00000,0x00000000eab00000,0x00000000eb180000)
  from space 3584K, 99% used [0x00000000eb600000,0x00000000eb97dad8,0x00000000eb980000)
  to   space 4608K, 0% used [0x00000000eb180000,0x00000000eb180000,0x00000000eb600000)
 ParOldGen       total 194560K, used 187527K [0x00000000c0000000, 0x00000000cbe00000, 0x00000000eab00000)
  object space 194560K, 96% used [0x00000000c0000000,0x00000000cb721ef8,0x00000000cbe00000)
 Metaspace       used 64492K, committed 65664K, reserved 1114112K
  class space    used 6675K, committed 7168K, reserved 1048576K
}
Event: 14.253 GC heap before
{Heap before GC invocations=120 (full 6):
 PSYoungGen      total 10240K, used 10230K [0x00000000eab00000, 0x00000000ebb80000, 0x0000000100000000)
  eden space 6656K, 100% used [0x00000000eab00000,0x00000000eb180000,0x00000000eb180000)
  from space 3584K, 99% used [0x00000000eb600000,0x00000000eb97dad8,0x00000000eb980000)
  to   space 4608K, 0% used [0x00000000eb180000,0x00000000eb180000,0x00000000eb600000)
 ParOldGen       total 194560K, used 187527K [0x00000000c0000000, 0x00000000cbe00000, 0x00000000eab00000)
  object space 194560K, 96% used [0x00000000c0000000,0x00000000cb721ef8,0x00000000cbe00000)
 Metaspace       used 64575K, committed 65728K, reserved 1114112K
  class space    used 6683K, committed 7168K, reserved 1048576K
}
Event: 14.266 GC heap after
{Heap after GC invocations=120 (full 6):
 PSYoungGen      total 11264K, used 2719K [0x00000000eab00000, 0x00000000eb980000, 0x0000000100000000)
  eden space 6656K, 0% used [0x00000000eab00000,0x00000000eab00000,0x00000000eb180000)
  from space 4608K, 59% used [0x00000000eb180000,0x00000000eb427c78,0x00000000eb600000)
  to   space 3584K, 0% used [0x00000000eb600000,0x00000000eb600000,0x00000000eb980000)
 ParOldGen       total 194560K, used 189952K [0x00000000c0000000, 0x00000000cbe00000, 0x00000000eab00000)
  object space 194560K, 97% used [0x00000000c0000000,0x00000000cb980070,0x00000000cbe00000)
 Metaspace       used 64575K, committed 65728K, reserved 1114112K
  class space    used 6683K, committed 7168K, reserved 1048576K
}
Event: 14.320 GC heap before
{Heap before GC invocations=121 (full 6):
 PSYoungGen      total 11264K, used 9374K [0x00000000eab00000, 0x00000000eb980000, 0x0000000100000000)
  eden space 6656K, 99% used [0x00000000eab00000,0x00000000eb17fdb0,0x00000000eb180000)
  from space 4608K, 59% used [0x00000000eb180000,0x00000000eb427c78,0x00000000eb600000)
  to   space 3584K, 0% used [0x00000000eb600000,0x00000000eb600000,0x00000000eb980000)
 ParOldGen       total 194560K, used 189952K [0x00000000c0000000, 0x00000000cbe00000, 0x00000000eab00000)
  object space 194560K, 97% used [0x00000000c0000000,0x00000000cb980070,0x00000000cbe00000)
 Metaspace       used 64594K, committed 65728K, reserved 1114112K
  class space    used 6684K, committed 7168K, reserved 1048576K
}
Event: 14.330 GC heap after
{Heap after GC invocations=121 (full 6):
 PSYoungGen      total 10240K, used 3564K [0x00000000eab00000, 0x00000000eb980000, 0x0000000100000000)
  eden space 6656K, 0% used [0x00000000eab00000,0x00000000eab00000,0x00000000eb180000)
  from space 3584K, 99% used [0x00000000eb600000,0x00000000eb97b208,0x00000000eb980000)
  to   space 4608K, 0% used [0x00000000eb180000,0x00000000eb180000,0x00000000eb600000)
 ParOldGen       total 194560K, used 190362K [0x00000000c0000000, 0x00000000cbe00000, 0x00000000eab00000)
  object space 194560K, 97% used [0x00000000c0000000,0x00000000cb9e68a0,0x00000000cbe00000)
 Metaspace       used 64594K, committed 65728K, reserved 1114112K
  class space    used 6684K, committed 7168K, reserved 1048576K
}

Dll operation events (10 events):
Event: 0.023 Loaded shared library c:\Users\admin\.cursor\extensions\redhat.java-1.37.0-win32-x64\jre\17.0.13-win32-x86_64\bin\java.dll
Event: 0.370 Loaded shared library c:\Users\admin\.cursor\extensions\redhat.java-1.37.0-win32-x64\jre\17.0.13-win32-x86_64\bin\zip.dll
Event: 0.373 Loaded shared library C:\Users\admin\.cursor\extensions\redhat.java-1.37.0-win32-x64\jre\17.0.13-win32-x86_64\bin\instrument.dll
Event: 0.388 Loaded shared library C:\Users\admin\.cursor\extensions\redhat.java-1.37.0-win32-x64\jre\17.0.13-win32-x86_64\bin\net.dll
Event: 0.390 Loaded shared library C:\Users\admin\.cursor\extensions\redhat.java-1.37.0-win32-x64\jre\17.0.13-win32-x86_64\bin\nio.dll
Event: 0.399 Loaded shared library C:\Users\admin\.cursor\extensions\redhat.java-1.37.0-win32-x64\jre\17.0.13-win32-x86_64\bin\zip.dll
Event: 0.420 Loaded shared library C:\Users\admin\.cursor\extensions\redhat.java-1.37.0-win32-x64\jre\17.0.13-win32-x86_64\bin\jimage.dll
Event: 0.522 Loaded shared library c:\Users\admin\.cursor\extensions\redhat.java-1.37.0-win32-x64\jre\17.0.13-win32-x86_64\bin\verify.dll
Event: 1.922 Loaded shared library C:\Users\admin\AppData\Roaming\Cursor\User\globalStorage\redhat.java\1.37.0\config_win\org.eclipse.equinox.launcher\org.eclipse.equinox.launcher.win32.win32.x86_64_1.2.1100.v20240722-2106\eclipse_11904.dll
Event: 4.437 Loaded shared library C:\Users\admin\AppData\Local\Temp\jna-92668751\jna6517631421645293514.dll

Deoptimization events (20 events):
Event: 14.224 Thread 0x0000017c6a26a250 DEOPT PACKING pc=0x0000017c5727df6c sp=0x00000010df1fdac0
Event: 14.224 Thread 0x0000017c6a26a250 DEOPT UNPACKING pc=0x0000017c56b866a3 sp=0x00000010df1fd9d0 mode 2
Event: 14.225 Thread 0x0000017c6a26a250 Uncommon trap: trap_request=0xffffffc6 fr.pc=0x0000017c5727df6c relative=0x000000000000076c
Event: 14.225 Thread 0x0000017c6a26a250 Uncommon trap: reason=bimorphic_or_optimized_type_check action=maybe_recompile pc=0x0000017c5727df6c method=java.util.TreeMap.getEntryUsingComparator(Ljava/lang/Object;)Ljava/util/TreeMap$Entry; @ 29 c2
Event: 14.225 Thread 0x0000017c6a26a250 DEOPT PACKING pc=0x0000017c5727df6c sp=0x00000010df1fdac0
Event: 14.225 Thread 0x0000017c6a26a250 DEOPT UNPACKING pc=0x0000017c56b866a3 sp=0x00000010df1fd9d0 mode 2
Event: 14.225 Thread 0x0000017c6a26a250 Uncommon trap: trap_request=0xffffffc6 fr.pc=0x0000017c5726f8ec relative=0x000000000000076c
Event: 14.225 Thread 0x0000017c6a26a250 Uncommon trap: reason=bimorphic_or_optimized_type_check action=maybe_recompile pc=0x0000017c5726f8ec method=java.util.TreeMap.getEntryUsingComparator(Ljava/lang/Object;)Ljava/util/TreeMap$Entry; @ 29 c2
Event: 14.225 Thread 0x0000017c6a26a250 DEOPT PACKING pc=0x0000017c5726f8ec sp=0x00000010df1fda20
Event: 14.225 Thread 0x0000017c6a26a250 DEOPT UNPACKING pc=0x0000017c56b866a3 sp=0x00000010df1fd9c0 mode 2
Event: 14.230 Thread 0x0000017c67e0d5b0 DEOPT PACKING pc=0x0000017c50102f85 sp=0x00000010ddbfe580
Event: 14.230 Thread 0x0000017c67e0d5b0 DEOPT UNPACKING pc=0x0000017c56b86e43 sp=0x00000010ddbfdb08 mode 0
Event: 14.250 Thread 0x0000017c67e0d5b0 DEOPT PACKING pc=0x0000017c50102f85 sp=0x00000010ddbfe580
Event: 14.250 Thread 0x0000017c67e0d5b0 DEOPT UNPACKING pc=0x0000017c56b86e43 sp=0x00000010ddbfdb08 mode 0
Event: 14.276 Thread 0x0000017c67e0d5b0 DEOPT PACKING pc=0x0000017c50102f85 sp=0x00000010ddbfe580
Event: 14.276 Thread 0x0000017c67e0d5b0 DEOPT UNPACKING pc=0x0000017c56b86e43 sp=0x00000010ddbfdb08 mode 0
Event: 14.287 Thread 0x0000017c67e0d5b0 DEOPT PACKING pc=0x0000017c50102f85 sp=0x00000010ddbfe580
Event: 14.287 Thread 0x0000017c67e0d5b0 DEOPT UNPACKING pc=0x0000017c56b86e43 sp=0x00000010ddbfdb08 mode 0
Event: 14.302 Thread 0x0000017c67e0d5b0 DEOPT PACKING pc=0x0000017c50102f85 sp=0x00000010ddbfe580
Event: 14.302 Thread 0x0000017c67e0d5b0 DEOPT UNPACKING pc=0x0000017c56b86e43 sp=0x00000010ddbfdb08 mode 0

Classes loaded (20 events):
Event: 10.657 Loading class jdk/internal/math/FormattedFloatingDecimal$2
Event: 10.657 Loading class jdk/internal/math/FormattedFloatingDecimal$2 done
Event: 12.184 Loading class java/util/ArrayDeque$DeqSpliterator
Event: 12.184 Loading class java/util/ArrayDeque$DeqSpliterator done
Event: 12.718 Loading class java/util/TreeMap$ValueSpliterator
Event: 12.718 Loading class java/util/TreeMap$TreeMapSpliterator
Event: 12.719 Loading class java/util/TreeMap$TreeMapSpliterator done
Event: 12.719 Loading class java/util/TreeMap$ValueSpliterator done
Event: 12.769 Loading class java/util/concurrent/CompletionException
Event: 12.769 Loading class java/util/concurrent/CompletionException done
Event: 12.780 Loading class java/nio/file/FileTreeWalker$1
Event: 12.780 Loading class java/nio/file/FileTreeWalker$1 done
Event: 12.782 Loading class sun/nio/fs/Globs
Event: 12.782 Loading class sun/nio/fs/Globs done
Event: 12.782 Loading class java/util/regex/Pattern$SliceU
Event: 12.783 Loading class java/util/regex/Pattern$SliceU done
Event: 12.783 Loading class sun/nio/fs/WindowsFileSystem$2
Event: 12.783 Loading class java/nio/file/PathMatcher
Event: 12.783 Loading class java/nio/file/PathMatcher done
Event: 12.783 Loading class sun/nio/fs/WindowsFileSystem$2 done

Classes unloaded (7 events):
Event: 5.906 Thread 0x0000017c4ca1ecc0 Unloading class 0x0000000100258000 'java/lang/invoke/LambdaForm$MH+0x0000000100258000'
Event: 5.906 Thread 0x0000017c4ca1ecc0 Unloading class 0x0000000100253c00 'java/lang/invoke/LambdaForm$MH+0x0000000100253c00'
Event: 5.906 Thread 0x0000017c4ca1ecc0 Unloading class 0x0000000100253800 'java/lang/invoke/LambdaForm$MH+0x0000000100253800'
Event: 5.906 Thread 0x0000017c4ca1ecc0 Unloading class 0x0000000100253400 'java/lang/invoke/LambdaForm$MH+0x0000000100253400'
Event: 5.906 Thread 0x0000017c4ca1ecc0 Unloading class 0x0000000100253000 'java/lang/invoke/LambdaForm$BMH+0x0000000100253000'
Event: 5.906 Thread 0x0000017c4ca1ecc0 Unloading class 0x0000000100252c00 'java/lang/invoke/LambdaForm$DMH+0x0000000100252c00'
Event: 5.906 Thread 0x0000017c4ca1ecc0 Unloading class 0x0000000100250400 'java/lang/invoke/LambdaForm$DMH+0x0000000100250400'

Classes redefined (0 events):
No events

Internal exceptions (20 events):
Event: 14.027 Thread 0x0000017c67e0bc60 Exception <a 'sun/nio/fs/WindowsException'{0x00000000eaed8c68}> (0x00000000eaed8c68) 
thrown [s\src\hotspot\share\prims\jni.cpp, line 516]
Event: 14.027 Thread 0x0000017c67e0bc60 Exception <a 'sun/nio/fs/WindowsException'{0x00000000eaedbcc8}> (0x00000000eaedbcc8) 
thrown [s\src\hotspot\share\prims\jni.cpp, line 516]
Event: 14.027 Thread 0x0000017c67e0bc60 Exception <a 'sun/nio/fs/WindowsException'{0x00000000eaf003f0}> (0x00000000eaf003f0) 
thrown [s\src\hotspot\share\prims\jni.cpp, line 516]
Event: 14.028 Thread 0x0000017c67e0bc60 Exception <a 'sun/nio/fs/WindowsException'{0x00000000eaf3ff48}> (0x00000000eaf3ff48) 
thrown [s\src\hotspot\share\prims\jni.cpp, line 516]
Event: 14.028 Thread 0x0000017c67e0bc60 Exception <a 'sun/nio/fs/WindowsException'{0x00000000eaf436c8}> (0x00000000eaf436c8) 
thrown [s\src\hotspot\share\prims\jni.cpp, line 516]
Event: 14.029 Thread 0x0000017c67e0bc60 Exception <a 'sun/nio/fs/WindowsException'{0x00000000eaf64f40}> (0x00000000eaf64f40) 
thrown [s\src\hotspot\share\prims\jni.cpp, line 516]
Event: 14.029 Thread 0x0000017c67e0bc60 Exception <a 'sun/nio/fs/WindowsException'{0x00000000eaf87840}> (0x00000000eaf87840) 
thrown [s\src\hotspot\share\prims\jni.cpp, line 516]
Event: 14.030 Thread 0x0000017c67e0bc60 Exception <a 'sun/nio/fs/WindowsException'{0x00000000eafa7658}> (0x00000000eafa7658) 
thrown [s\src\hotspot\share\prims\jni.cpp, line 516]
Event: 14.030 Thread 0x0000017c67e0bc60 Exception <a 'sun/nio/fs/WindowsException'{0x00000000eafc9270}> (0x00000000eafc9270) 
thrown [s\src\hotspot\share\prims\jni.cpp, line 516]
Event: 14.030 Thread 0x0000017c67e0bc60 Exception <a 'sun/nio/fs/WindowsException'{0x00000000eafcd830}> (0x00000000eafcd830) 
thrown [s\src\hotspot\share\prims\jni.cpp, line 516]
Event: 14.031 Thread 0x0000017c67e0bc60 Exception <a 'sun/nio/fs/WindowsException'{0x00000000eafed390}> (0x00000000eafed390) 
thrown [s\src\hotspot\share\prims\jni.cpp, line 516]
Event: 14.031 Thread 0x0000017c67e0bc60 Exception <a 'sun/nio/fs/WindowsException'{0x00000000eaff1878}> (0x00000000eaff1878) 
thrown [s\src\hotspot\share\prims\jni.cpp, line 516]
Event: 14.151 Thread 0x0000017c6a26a250 Exception <a 'sun/nio/fs/WindowsException'{0x00000000eb1612b8}> (0x00000000eb1612b8) 
thrown [s\src\hotspot\share\prims\jni.cpp, line 516]
Event: 14.151 Thread 0x0000017c6a26a250 Exception <a 'sun/nio/fs/WindowsException'{0x00000000eb1691a0}> (0x00000000eb1691a0) 
thrown [s\src\hotspot\share\prims\jni.cpp, line 516]
Event: 14.161 Thread 0x0000017c6a26a250 Exception <a 'sun/nio/fs/WindowsException'{0x00000000eab005b8}> (0x00000000eab005b8) 
thrown [s\src\hotspot\share\prims\jni.cpp, line 516]
Event: 14.161 Thread 0x0000017c6a26a250 Exception <a 'sun/nio/fs/WindowsException'{0x00000000eab00e58}> (0x00000000eab00e58) 
thrown [s\src\hotspot\share\prims\jni.cpp, line 516]
Event: 14.272 Thread 0x0000017c6a26a250 Exception <a 'sun/nio/fs/WindowsException'{0x00000000eab9c008}> (0x00000000eab9c008) 
thrown [s\src\hotspot\share\prims\jni.cpp, line 516]
Event: 14.272 Thread 0x0000017c6a26a250 Exception <a 'sun/nio/fs/WindowsException'{0x00000000eab9cb10}> (0x00000000eab9cb10) 
thrown [s\src\hotspot\share\prims\jni.cpp, line 516]
Event: 14.276 Thread 0x0000017c6a26a250 Exception <a 'sun/nio/fs/WindowsException'{0x00000000eac3ee30}> (0x00000000eac3ee30) 
thrown [s\src\hotspot\share\prims\jni.cpp, line 516]
Event: 14.276 Thread 0x0000017c6a26a250 Exception <a 'sun/nio/fs/WindowsException'{0x00000000eac3f710}> (0x00000000eac3f710) 
thrown [s\src\hotspot\share\prims\jni.cpp, line 516]

VM Operations (20 events):
Event: 13.964 Executing VM operation: ParallelGCFailedAllocation
Event: 13.968 Executing VM operation: ParallelGCFailedAllocation done
Event: 13.991 Executing VM operation: ParallelGCFailedAllocation
Event: 13.997 Executing VM operation: ParallelGCFailedAllocation done
Event: 14.038 Executing VM operation: ParallelGCFailedAllocation
Event: 14.042 Executing VM operation: ParallelGCFailedAllocation done
Event: 14.047 Executing VM operation: HandshakeAllThreads
Event: 14.047 Executing VM operation: HandshakeAllThreads done
Event: 14.076 Executing VM operation: ParallelGCFailedAllocation
Event: 14.083 Executing VM operation: ParallelGCFailedAllocation done
Event: 14.110 Executing VM operation: HandshakeAllThreads
Event: 14.110 Executing VM operation: HandshakeAllThreads done
Event: 14.145 Executing VM operation: HandshakeAllThreads
Event: 14.148 Executing VM operation: HandshakeAllThreads done
Event: 14.152 Executing VM operation: ParallelGCFailedAllocation
Event: 14.158 Executing VM operation: ParallelGCFailedAllocation done
Event: 14.252 Executing VM operation: ParallelGCFailedAllocation
Event: 14.267 Executing VM operation: ParallelGCFailedAllocation done
Event: 14.310 Executing VM operation: ParallelGCFailedAllocation
Event: 14.330 Executing VM operation: ParallelGCFailedAllocation done

Memory protections (0 events):
No events

Nmethod flushes (20 events):
Event: 14.212 Thread 0x0000017c6592fe10 flushing  nmethod 0x0000017c508c5d90
Event: 14.212 Thread 0x0000017c6592fe10 flushing  nmethod 0x0000017c508c9a10
Event: 14.212 Thread 0x0000017c6592fe10 flushing  nmethod 0x0000017c508cac10
Event: 14.212 Thread 0x0000017c6592fe10 flushing  nmethod 0x0000017c508ccf90
Event: 14.212 Thread 0x0000017c6592fe10 flushing  nmethod 0x0000017c508cd390
Event: 14.212 Thread 0x0000017c6592fe10 flushing  nmethod 0x0000017c508cd890
Event: 14.212 Thread 0x0000017c6592fe10 flushing  nmethod 0x0000017c508cdc90
Event: 14.212 Thread 0x0000017c6592fe10 flushing  nmethod 0x0000017c508ce010
Event: 14.212 Thread 0x0000017c6592fe10 flushing  nmethod 0x0000017c508ce490
Event: 14.212 Thread 0x0000017c6592fe10 flushing  nmethod 0x0000017c508cec10
Event: 14.212 Thread 0x0000017c6592fe10 flushing  nmethod 0x0000017c508cf190
Event: 14.212 Thread 0x0000017c6592fe10 flushing  nmethod 0x0000017c508cf710
Event: 14.212 Thread 0x0000017c6592fe10 flushing  nmethod 0x0000017c508cfa90
Event: 14.212 Thread 0x0000017c6592fe10 flushing  nmethod 0x0000017c508d0b10
Event: 14.212 Thread 0x0000017c6592fe10 flushing  nmethod 0x0000017c508d0e90
Event: 14.212 Thread 0x0000017c6592fe10 flushing  nmethod 0x0000017c508d1c10
Event: 14.212 Thread 0x0000017c6592fe10 flushing  nmethod 0x0000017c508d3c90
Event: 14.212 Thread 0x0000017c6592fe10 flushing  nmethod 0x0000017c508d4310
Event: 14.212 Thread 0x0000017c6592fe10 flushing  nmethod 0x0000017c508d7090
Event: 14.212 Thread 0x0000017c6592fe10 flushing  nmethod 0x0000017c508d8490

Events (20 events):
Event: 8.073 Thread 0x0000017c67e0bc60 Thread added: 0x0000017c6ab12ab0
Event: 8.073 Thread 0x0000017c67e0bc60 Thread added: 0x0000017c6ab10c50
Event: 8.074 Thread 0x0000017c6ab10740 Thread added: 0x0000017c6ab16260
Event: 8.074 Thread 0x0000017c6ab12ab0 Thread added: 0x0000017c6ab11670
Event: 8.074 Thread 0x0000017c6ab10c50 Thread added: 0x0000017c6ab16770
Event: 8.074 Thread 0x0000017c6ab11160 Thread added: 0x0000017c6ab13ef0
Event: 8.074 Thread 0x0000017c6ab16770 Thread added: 0x0000017c6ab15840
Event: 9.647 Thread 0x0000017c67e0bc60 Thread added: 0x0000017c6ab14400
Event: 10.031 Thread 0x0000017c67e0bc60 Thread added: 0x0000017c6ab14e20
Event: 10.070 Thread 0x0000017c67e0bc60 Thread added: 0x0000017c6ab17190
Event: 10.079 Thread 0x0000017c67e0bc60 Thread added: 0x0000017c6ab15330
Event: 10.109 Thread 0x0000017c67e0bc60 Thread added: 0x0000017c6ab10230
Event: 10.114 Thread 0x0000017c67e0cb90 Thread exited: 0x0000017c67e0cb90
Event: 10.118 Thread 0x0000017c67e0bc60 Thread added: 0x0000017c6ab0fd20
Event: 10.138 Thread 0x0000017c67e0bc60 Thread added: 0x0000017c6ab16c80
Event: 10.147 Thread 0x0000017c67e0bc60 Thread added: 0x0000017c6ab12090
Event: 10.153 Thread 0x0000017c67e0bc60 Thread added: 0x0000017c6ab15d50
Event: 10.169 Thread 0x0000017c67e0bc60 Thread added: 0x0000017c67e0cb90
Event: 10.180 Thread 0x0000017c67e0bc60 Thread added: 0x0000017c6aa830b0
Event: 13.286 Thread 0x0000017c6592b770 Thread added: 0x0000017c72f76cc0


Dynamic libraries:
0x00007ff783a50000 - 0x00007ff783a5e000 	c:\Users\admin\.cursor\extensions\redhat.java-1.37.0-win32-x64\jre\17.0.13-win32-x86_64\bin\java.exe
0x00007ff852f70000 - 0x00007ff853187000 	C:\Windows\SYSTEM32\ntdll.dll
0x00007ff851660000 - 0x00007ff851724000 	C:\Windows\System32\KERNEL32.DLL
0x00007ff850500000 - 0x00007ff8508ba000 	C:\Windows\System32\KERNELBASE.dll
0x00007ff850270000 - 0x00007ff850381000 	C:\Windows\System32\ucrtbase.dll
0x00007ff83dcd0000 - 0x00007ff83dce7000 	c:\Users\admin\.cursor\extensions\redhat.java-1.37.0-win32-x64\jre\17.0.13-win32-x86_64\bin\jli.dll
0x00007ff8526f0000 - 0x00007ff85289e000 	C:\Windows\System32\USER32.dll
0x00007ff83da90000 - 0x00007ff83daae000 	c:\Users\admin\.cursor\extensions\redhat.java-1.37.0-win32-x64\jre\17.0.13-win32-x86_64\bin\VCRUNTIME140.dll
0x00007ff850240000 - 0x00007ff850266000 	C:\Windows\System32\win32u.dll
0x00007ff851010000 - 0x00007ff851039000 	C:\Windows\System32\GDI32.dll
0x00007ff83f920000 - 0x00007ff83fbb2000 	C:\Windows\WinSxS\amd64_microsoft.windows.common-controls_6595b64144ccf1df_6.0.22621.4541_none_2710d1c57384c085\COMCTL32.dll
0x00007ff850a80000 - 0x00007ff850b9b000 	C:\Windows\System32\gdi32full.dll
0x00007ff850bd0000 - 0x00007ff850c6a000 	C:\Windows\System32\msvcp_win.dll
0x00007ff850e70000 - 0x00007ff850f17000 	C:\Windows\System32\msvcrt.dll
0x00007ff851740000 - 0x00007ff851771000 	C:\Windows\System32\IMM32.DLL
0x00007ff84bf10000 - 0x00007ff84bf1c000 	c:\Users\admin\.cursor\extensions\redhat.java-1.37.0-win32-x64\jre\17.0.13-win32-x86_64\bin\vcruntime140_1.dll
0x00007ff805c70000 - 0x00007ff805cfd000 	c:\Users\admin\.cursor\extensions\redhat.java-1.37.0-win32-x64\jre\17.0.13-win32-x86_64\bin\msvcp140.dll
0x00007ffffc270000 - 0x00007ffffcedb000 	c:\Users\admin\.cursor\extensions\redhat.java-1.37.0-win32-x64\jre\17.0.13-win32-x86_64\bin\server\jvm.dll
0x00007ff850c70000 - 0x00007ff850d22000 	C:\Windows\System32\ADVAPI32.dll
0x00007ff8525c0000 - 0x00007ff852667000 	C:\Windows\System32\sechost.dll
0x00007ff850ba0000 - 0x00007ff850bc8000 	C:\Windows\System32\bcrypt.dll
0x00007ff850d30000 - 0x00007ff850e44000 	C:\Windows\System32\RPCRT4.dll
0x00007ff850f20000 - 0x00007ff850f91000 	C:\Windows\System32\WS2_32.dll
0x00007ff850110000 - 0x00007ff85015d000 	C:\Windows\SYSTEM32\POWRPROF.dll
0x00007ff848e60000 - 0x00007ff848e94000 	C:\Windows\SYSTEM32\WINMM.dll
0x00007ff847470000 - 0x00007ff84747a000 	C:\Windows\SYSTEM32\VERSION.dll
0x00007ff8500f0000 - 0x00007ff850103000 	C:\Windows\SYSTEM32\UMPDC.dll
0x00007ff84f280000 - 0x00007ff84f298000 	C:\Windows\SYSTEM32\kernel.appcore.dll
0x00007ff848fd0000 - 0x00007ff848fda000 	c:\Users\admin\.cursor\extensions\redhat.java-1.37.0-win32-x64\jre\17.0.13-win32-x86_64\bin\jimage.dll
0x00007ff8465d0000 - 0x00007ff846802000 	C:\Windows\SYSTEM32\DBGHELP.DLL
0x00007ff8520e0000 - 0x00007ff85246f000 	C:\Windows\System32\combase.dll
0x00007ff851780000 - 0x00007ff851857000 	C:\Windows\System32\OLEAUT32.dll
0x00007ff83f180000 - 0x00007ff83f1b2000 	C:\Windows\SYSTEM32\dbgcore.DLL
0x00007ff850940000 - 0x00007ff8509bb000 	C:\Windows\System32\bcryptPrimitives.dll
0x00007ff848d90000 - 0x00007ff848d9e000 	c:\Users\admin\.cursor\extensions\redhat.java-1.37.0-win32-x64\jre\17.0.13-win32-x86_64\bin\instrument.dll
0x00007ff839230000 - 0x00007ff839255000 	c:\Users\admin\.cursor\extensions\redhat.java-1.37.0-win32-x64\jre\17.0.13-win32-x86_64\bin\java.dll
0x00007ff83c5a0000 - 0x00007ff83c5b8000 	c:\Users\admin\.cursor\extensions\redhat.java-1.37.0-win32-x64\jre\17.0.13-win32-x86_64\bin\zip.dll
0x00007ff851860000 - 0x00007ff8520d8000 	C:\Windows\System32\SHELL32.dll
0x00007ff84e180000 - 0x00007ff84ea88000 	C:\Windows\SYSTEM32\windows.storage.dll
0x00007ff84e040000 - 0x00007ff84e17f000 	C:\Windows\SYSTEM32\wintypes.dll
0x00007ff851560000 - 0x00007ff85165a000 	C:\Windows\System32\SHCORE.dll
0x00007ff850fa0000 - 0x00007ff850ffe000 	C:\Windows\System32\shlwapi.dll
0x00007ff850170000 - 0x00007ff85019b000 	C:\Windows\SYSTEM32\profapi.dll
0x00007ff83bc50000 - 0x00007ff83bc69000 	C:\Users\admin\.cursor\extensions\redhat.java-1.37.0-win32-x64\jre\17.0.13-win32-x86_64\bin\net.dll
0x00007ff84b7c0000 - 0x00007ff84b8f6000 	C:\Windows\SYSTEM32\WINHTTP.dll
0x00007ff84f700000 - 0x00007ff84f769000 	C:\Windows\system32\mswsock.dll
0x00007ff83b210000 - 0x00007ff83b226000 	C:\Users\admin\.cursor\extensions\redhat.java-1.37.0-win32-x64\jre\17.0.13-win32-x86_64\bin\nio.dll
0x00007ff83efe0000 - 0x00007ff83eff0000 	c:\Users\admin\.cursor\extensions\redhat.java-1.37.0-win32-x64\jre\17.0.13-win32-x86_64\bin\verify.dll
0x00007ff81e7d0000 - 0x00007ff81e815000 	C:\Users\admin\AppData\Roaming\Cursor\User\globalStorage\redhat.java\1.37.0\config_win\org.eclipse.equinox.launcher\org.eclipse.equinox.launcher.win32.win32.x86_64_1.2.1100.v20240722-2106\eclipse_11904.dll
0x00007ff851070000 - 0x00007ff851215000 	C:\Windows\System32\ole32.dll
0x00007ff84f950000 - 0x00007ff84f96b000 	C:\Windows\SYSTEM32\CRYPTSP.dll
0x00007ff84f1e0000 - 0x00007ff84f215000 	C:\Windows\system32\rsaenh.dll
0x00007ff84f7f0000 - 0x00007ff84f818000 	C:\Windows\SYSTEM32\USERENV.dll
0x00007ff84f970000 - 0x00007ff84f97c000 	C:\Windows\SYSTEM32\CRYPTBASE.dll
0x00007ff84ecf0000 - 0x00007ff84ed1d000 	C:\Windows\SYSTEM32\IPHLPAPI.DLL
0x00007ff8513e0000 - 0x00007ff8513e9000 	C:\Windows\System32\NSI.dll
0x00007ff84b7a0000 - 0x00007ff84b7b9000 	C:\Windows\SYSTEM32\dhcpcsvc6.DLL
0x00007ff84b560000 - 0x00007ff84b57f000 	C:\Windows\SYSTEM32\dhcpcsvc.DLL
0x00007ff84ed60000 - 0x00007ff84ee62000 	C:\Windows\SYSTEM32\DNSAPI.dll
0x00007ff8188c0000 - 0x00007ff818909000 	C:\Users\admin\AppData\Local\Temp\jna-92668751\jna6517631421645293514.dll
0x00007ff851040000 - 0x00007ff851048000 	C:\Windows\System32\PSAPI.DLL

dbghelp: loaded successfully - version: 4.0.5 - missing functions: none
symbol engine: initialized successfully - sym options: 0x614 - pdb path: .;c:\Users\admin\.cursor\extensions\redhat.java-1.37.0-win32-x64\jre\17.0.13-win32-x86_64\bin;C:\Windows\SYSTEM32;C:\Windows\WinSxS\amd64_microsoft.windows.common-controls_6595b64144ccf1df_6.0.22621.4541_none_2710d1c57384c085;c:\Users\admin\.cursor\extensions\redhat.java-1.37.0-win32-x64\jre\17.0.13-win32-x86_64\bin\server;C:\Users\admin\AppData\Roaming\Cursor\User\globalStorage\redhat.java\1.37.0\config_win\org.eclipse.equinox.launcher\org.eclipse.equinox.launcher.win32.win32.x86_64_1.2.1100.v20240722-2106;C:\Users\admin\AppData\Local\Temp\jna-92668751

VM Arguments:
jvm_args: --add-modules=ALL-SYSTEM --add-opens=java.base/java.util=ALL-UNNAMED --add-opens=java.base/java.lang=ALL-UNNAMED --add-opens=java.base/sun.nio.fs=ALL-UNNAMED -Declipse.application=org.eclipse.jdt.ls.core.id1 -Dosgi.bundles.defaultStartLevel=4 -Declipse.product=org.eclipse.jdt.ls.core.product -Djava.import.generatesMetadataFilesAtProjectRoot=false -DDetectVMInstallationsJob.disabled=true -Dfile.encoding=utf8 -XX:+UseParallelGC -XX:GCTimeRatio=4 -XX:AdaptiveSizePolicyWeight=90 -Dsun.zip.disableMemoryMapping=true -Xmx1G -Xms100m -Xlog:disable -javaagent:c:\Users\admin\.cursor\extensions\redhat.java-1.37.0-win32-x64\lombok\lombok-1.18.34.jar -XX:+HeapDumpOnOutOfMemoryError -XX:HeapDumpPath=c:\Users\admin\AppData\Roaming\Cursor\User\workspaceStorage\1ba382c7d11e2cbb1d1be5e28ccd7f2b\redhat.java -Daether.dependencyCollector.impl=bf 
java_command: c:\Users\admin\.cursor\extensions\redhat.java-1.37.0-win32-x64\server\plugins\org.eclipse.equinox.launcher_1.6.900.v20240613-2009.jar -configuration c:\Users\admin\AppData\Roaming\Cursor\User\globalStorage\redhat.java\1.37.0\config_win -data c:\Users\admin\AppData\Roaming\Cursor\User\workspaceStorage\1ba382c7d11e2cbb1d1be5e28ccd7f2b\redhat.java\jdt_ws --pipe=\\.\pipe\lsp-62ccbdaa2fc0978953f817b6c1538283-sock
java_class_path (initial): c:\Users\admin\.cursor\extensions\redhat.java-1.37.0-win32-x64\server\plugins\org.eclipse.equinox.launcher_1.6.900.v20240613-2009.jar
Launcher Type: SUN_STANDARD

[Global flags]
    uintx AdaptiveSizePolicyWeight                 = 90                                        {product} {command line}
     intx CICompilerCount                          = 4                                         {product} {ergonomic}
    uintx GCTimeRatio                              = 4                                         {product} {command line}
     bool HeapDumpOnOutOfMemoryError               = true                                   {manageable} {command line}
    ccstr HeapDumpPath                             = c:\Users\admin\AppData\Roaming\Cursor\User\workspaceStorage\1ba382c7d11e2cbb1d1be5e28ccd7f2b\redhat.java         {manageable} {command line}
   size_t InitialHeapSize                          = 104857600                                 {product} {command line}
   size_t MaxHeapSize                              = 1073741824                                {product} {command line}
   size_t MaxNewSize                               = 357564416                                 {product} {ergonomic}
   size_t MinHeapDeltaBytes                        = 524288                                    {product} {ergonomic}
   size_t MinHeapSize                              = 104857600                                 {product} {command line}
   size_t NewSize                                  = 34603008                                  {product} {ergonomic}
    uintx NonNMethodCodeHeapSize                   = 5839372                                {pd product} {ergonomic}
    uintx NonProfiledCodeHeapSize                  = 122909434                              {pd product} {ergonomic}
   size_t OldSize                                  = 70254592                                  {product} {ergonomic}
    uintx ProfiledCodeHeapSize                     = 122909434                              {pd product} {ergonomic}
    uintx ReservedCodeCacheSize                    = 251658240                              {pd product} {ergonomic}
     bool SegmentedCodeCache                       = true                                      {product} {ergonomic}
   size_t SoftMaxHeapSize                          = 1073741824                             {manageable} {ergonomic}
     bool UseCompressedClassPointers               = true                           {product lp64_product} {ergonomic}
     bool UseCompressedOops                        = true                           {product lp64_product} {ergonomic}
     bool UseLargePagesIndividualAllocation        = false                                  {pd product} {ergonomic}
     bool UseParallelGC                            = true                                      {product} {command line}

Logging:
Log output configuration:
 #0: stdout all=off uptime,level,tags
 #1: stderr all=off uptime,level,tags

Environment Variables:
PATH=C:\Program Files\Common Files\Oracle\Java\javapath;C:\Windows\system32;C:\Windows;C:\Windows\System32\Wbem;C:\Windows\System32\WindowsPowerShell\v1.0\;C:\Windows\System32\OpenSSH\;C:\Program Files\Microsoft SQL Server\Client SDK\ODBC\170\Tools\Binn\;C:\Program Files (x86)\Microsoft SQL Server\150\Tools\Binn\;C:\Program Files\Microsoft SQL Server\150\Tools\Binn\;C:\Program Files\Microsoft SQL Server\150\DTS\Binn\;C:\Program Files (x86)\Microsoft SQL Server\160\DTS\Binn\;C:\Program Files\Azure Data Studio\bin;C:\Program Files\Git\cmd;c:\Users\admin\AppData\Local\Programs\cursor\resources\app\bin;C:\Users\admin\AppData\Local\Microsoft\WindowsApps;C:\Program Files\Azure Data Studio\bin;C:\Users\admin\AppData\Local\Programs\Microsoft VS Code\bin;C:\Users\admin\AppData\Local\GitHubDesktop\bin
USERNAME=admin
OS=Windows_NT
PROCESSOR_IDENTIFIER=AMD64 Family 25 Model 80 Stepping 0, AuthenticAMD
TMP=C:\Users\admin\AppData\Local\Temp
TEMP=C:\Users\admin\AppData\Local\Temp



Periodic native trim disabled


---------------  S Y S T E M  ---------------

OS:
 Windows 11 , 64 bit Build 22621 (10.0.22621.4391)
OS uptime: 2 days 12:27 hours

CPU: total 12 (initial active 12) (12 cores per cpu, 2 threads per core) family 25 model 80 stepping 0 microcode 0x0, cx8, cmov, fxsr, ht, mmx, 3dnowpref, sse, sse2, sse3, ssse3, sse4a, sse4.1, sse4.2, popcnt, lzcnt, tsc, tscinvbit, avx, avx2, aes, erms, clmul, bmi1, bmi2, adx, sha, fma, vzeroupper, clflush, clflushopt
Processor Information for all 12 processors :
  Max Mhz: 3301, Current Mhz: 3301, Mhz Limit: 3301

Memory: 4k page, system-wide physical 5996M (347M free)
TotalPageFile size 24428M (AvailPageFile size 1M)
current process WorkingSet (physical memory assigned to process): 403M, peak: 424M
current process commit charge ("private bytes"): 448M, peak: 453M

vm_info: OpenJDK 64-Bit Server VM (17.0.13+11) for windows-amd64 JRE (17.0.13+11), built on Oct 16 2024 00:10:08 by "admin" with MS VC++ 17.7 (VS2022)

END.
